::1 GET / 200 15 - 6.634 ms
::1 GET /favicon.ico 404 54 - 1.258 ms
::1 GET /.well-known/appspecific/com.chrome.devtools.json 404 54 - 0.524 ms
::1 GET / 200 15 - 2.295 ms
::1 GET /favicon.ico 404 54 - 0.890 ms
::1 GET /.well-known/appspecific/com.chrome.devtools.json 404 54 - 0.642 ms
::1 POST /api/auth/login 404 54 - 8.082 ms
::1 POST /auth/login 500 97 - 255.570 ms
::1 GET /products 200 4283 - 838.862 ms
::1 POST /auth/login 401 41 - 186.717 ms
::1 POST /auth/login 401 41 - 176.389 ms
::1 POST /auth/register 201 159 - 912.914 ms
::1 POST /auth/login 200 234 - 513.652 ms
::1 GET /products 200 4283 - 195.072 ms
::1 GET /products 200 4283 - 168.710 ms
::1 GET /products 200 4283 - 164.470 ms
::1 GET /products 401 44 - 10.904 ms
::1 GET /products 401 48 - 0.953 ms
::1 GET /products 200 4283 - 223.254 ms
::1 GET /products 200 4283 - 173.304 ms
::1 GET /products 401 47 - 0.331 ms
::1 GET /products 401 47 - 0.453 ms
::1 GET /products 200 4283 - 166.404 ms
::1 POST /products 400 45 - 2.332 ms
::1 POST /products 401 38 - 26.085 ms
::1 POST /auth/login 200 234 - 1634.920 ms
::1 POST /products 201 188 - 624.762 ms
::1 POST /products 401 38 - 73.366 ms
::1 POST /auth/login 200 234 - 1625.446 ms
::1 POST /products 201 188 - 200.508 ms
::1 POST /products 201 188 - 192.455 ms
::1 GET /products 401 38 - 27.971 ms
::1 GET /products 401 38 - 4.888 ms
::1 GET /products 200 4778 - 407.894 ms
::1 GET /products 200 26 - 179.787 ms
::1 POST /products 401 38 - 3.885 ms
::1 POST /auth/login 200 234 - 350.783 ms
::1 POST /products 201 230 - 218.793 ms
::1 GET /products 401 38 - 1.406 ms
::1 GET /products 200 232 - 167.462 ms
::1 POST /products 201 238 - 170.466 ms
::1 POST /products 201 221 - 170.905 ms
::1 GET /products 200 645 - 175.463 ms
::1 POST /products 201 219 - 186.883 ms
::1 GET /products 200 841 - 171.897 ms
::1 PATCH /products 404 54 - 0.532 ms
::1 PATCH /products/6934ae49c145800cc17869db 400 28 - 2.938 ms
::1 PATCH /products/6934ae49c145800cc17869db 400 28 - 2.437 ms
::1 PATCH /products/6934ae49c145800cc17869db 400 28 - 2.042 ms
::1 PATCH /products/6934ae49c145800cc17869db 400 28 - 1.293 ms
::1 PATCH /products/6934ae49db 500 39 - 1.108 ms
::1 PATCH /products/6934aa87c145800cc17869d6 400 28 - 1.899 ms
::1 PATCH /products/6934ae49c145800cc17869db 400 28 - 1.256 ms
::1 PATCH /products/6934ae49c145800cc17869db 200 232 - 188.804 ms
::1 GET /products 200 854 - 165.203 ms
::1 DELETE /products 404 54 - 0.220 ms
::1 DELETE /products/6934ae49c145800cc17869db 200 232 - 179.575 ms
::1 GET /products 200 645 - 185.506 ms
::1 GET /products 200 645 - 166.867 ms
::1 DELETE /products/6934ae49c145800cc17869db 404 50 - 161.997 ms
