::1 POST /auth/login 200 234 - 327.940 ms
::1 GET /products 200 645 - 174.573 ms
::1 GET /products?category=Gaming&minPrice=400&name=PS5 200 223 - 166.324 ms
::1 POST /auth/register 201 158 - 458.336 ms
::1 POST /auth/register 400 43 - 0.390 ms
::1 POST /auth/register 409 69 - 166.772 ms
::1 POST /auth/register 201 157 - 438.624 ms
::1 POST /auth/register 400 73 - 6.306 ms
::1 POST /auth/register 400 73 - 1.416 ms
::1 POST /auth/register 400 98 - 5.297 ms
::1 POST /auth/register 400 73 - 5.089 ms
::1 POST /auth/register 400 73 - 1.361 ms
::1 POST /auth/register 201 158 - 474.873 ms
::1 POST /auth/register 400 90 - 1.212 ms
::1 POST /auth/register 409 69 - 168.787 ms
::1 POST /auth/register 400 73 - 0.648 ms
::1 POST /auth/register 201 163 - 429.501 ms
::1 GET /products?category=Gaming&minPrice=400&name=PS5 401 40 - 0.775 ms
::1 GET /products?category=Gaming&minPrice=400&name=PS5 401 40 - 0.553 ms
::1 POST /auth/login 200 239 - 270.712 ms
::1 GET /products?category=Gaming&minPrice=400&name=PS5 200 223 - 174.834 ms
::1 POST /auth/login 401 41 - 306.473 ms
::1 POST /auth/login 401 41 - 269.229 ms
::1 POST /auth/login 401 41 - 872.066 ms
::1 POST /auth/login 401 41 - 265.672 ms
::1 POST /auth/login 401 41 - 248.810 ms
::1 POST /auth/login 401 41 - 263.924 ms
::1 POST /auth/login 401 41 - 266.976 ms
::1 POST /auth/login 401 41 - 255.250 ms
::1 POST /auth/login 401 41 - 280.057 ms
::1 POST /auth/login 401 41 - 260.697 ms
::1 POST /auth/login 401 41 - 254.903 ms
::1 POST /auth/login 401 41 - 261.034 ms
::1 POST /auth/login 401 41 - 245.251 ms
::1 POST /auth/login 200 239 - 271.012 ms
::1 POST /auth/login 401 41 - 267.108 ms
::1 POST /auth/login 401 41 - 259.994 ms
::1 POST /auth/login 401 41 - 267.714 ms
::1 POST /auth/login 401 41 - 268.542 ms
::1 POST /auth/login 401 41 - 268.512 ms
::1 POST /auth/login 401 41 - 270.084 ms
::1 POST /auth/login 401 41 - 308.739 ms
::1 POST /auth/login 401 41 - 262.163 ms
::1 POST /auth/login 401 41 - 273.070 ms
::1 POST /auth/login 401 41 - 255.505 ms
::1 POST /auth/login 401 41 - 262.547 ms
::1 POST /auth/login 429 75 - 0.928 ms
::1 GET / 200 15 - 2.969 ms
::1 GET /favicon.ico 404 54 - 0.891 ms
::1 GET / 304 - - 0.454 ms
::1 GET / 304 - - 0.332 ms
::1 GET / 304 - - 0.382 ms
::1 GET / 200 15 - 0.601 ms
::1 GET /products? 401 48 - 1.861 ms
::1 GET /products? 401 48 - 0.385 ms
::1 GET /products? 401 48 - 1.065 ms
::1 GET /products? 401 48 - 0.286 ms
::1 GET /products? 401 48 - 0.470 ms
::1 GET /products?name=ps5 401 48 - 0.658 ms
::1 GET /products?name=ps5 401 48 - 0.431 ms
::1 GET /products?name=ps5 401 48 - 0.431 ms
::1 GET /products?name=ps5 401 48 - 0.547 ms
::1 GET /products?name=ps5 401 48 - 0.371 ms
::1 GET /products?name=ps5 401 48 - 0.368 ms
::1 GET /products?name=ps5 401 48 - 0.340 ms
::1 GET /products? 200 645 - 212.874 ms
::1 GET /products? 304 - - 166.675 ms
::1 GET / 304 - - 0.800 ms
::1 GET /.well-known/appspecific/com.chrome.devtools.json 404 54 - 0.600 ms
::1 GET /products?name=ps5 200 223 - 168.446 ms
::1 POST /auth/register 201 163 - 592.201 ms
::1 POST /auth/login 200 239 - 332.915 ms
::1 GET /products? 304 - - 163.921 ms
::1 GET /products? 304 - - 162.512 ms
::1 POST /products 201 224 - 192.009 ms
::1 GET /products? 200 846 - 162.075 ms
::1 GET /products? 304 - - 166.159 ms
::1 GET /products? 304 - - 165.362 ms
::1 GET /products? 304 - - 167.233 ms
::1 PATCH /products/693579c72f4933f4451544e7 200 240 - 196.629 ms
::1 GET /products? 200 862 - 165.835 ms
::1 GET /products 200 862 - 163.875 ms
::1 POST /products 400 45 - 1.908 ms
::1 POST /products 201 277 - 171.726 ms
::1 GET /products? 200 1116 - 174.760 ms
::1 GET /products? 304 - - 162.560 ms
::1 GET /products? 304 - - 169.781 ms
::1 GET /products? 304 - - 166.957 ms
::1 PATCH /products/69357ab92f4933f4451544f0 200 277 - 178.310 ms
::1 GET /products? 200 1116 - 165.901 ms
::1 POST /products 201 203 - 168.223 ms
::1 GET /products? 200 1296 - 163.435 ms
::1 GET /products? 304 - - 165.269 ms
::1 GET /products? 304 - - 163.327 ms
::1 GET /products? 304 - - 162.681 ms
::1 DELETE /products/6934aa87c145800cc17869d6 200 238 - 186.664 ms
::1 GET / 304 - - 1.952 ms
::1 GET /.well-known/appspecific/com.chrome.devtools.json 404 54 - 0.949 ms
::1 POST /products 201 189 - 181.355 ms
::1 GET /products? 200 1247 - 166.215 ms
::1 GET /products? 304 - - 164.386 ms
::1 GET /products? 304 - - 168.616 ms
::1 GET /products? 304 - - 168.286 ms
::1 GET /products? 304 - - 335.475 ms
::1 GET /products? 304 - - 162.596 ms
::1 GET /products? 304 - - 213.153 ms
::1 GET /products? 304 - - 173.003 ms
::1 GET / 304 - - 0.597 ms
::1 GET /.well-known/appspecific/com.chrome.devtools.json 404 54 - 1.561 ms
